<?xml version="1.0" encoding="UTF-8"?>
<!-- Generated by org.testng.reporters.JUnitReportReporter -->
<testsuite skipped="0" hostname="RenZhe-Li" name="common.XmlUtilsTest" tests="1" failures="0" timestamp="14 十月 2017 04:59:40 GMT" time="0.078" errors="0">
  <testcase name="testDom2Map" time="0.078" classname="common.XmlUtilsTest"/>
</testsuite> <!-- common.XmlUtilsTest -->
